<?xml version="1.0" encoding="UTF-8"?>
<testng-results skipped="0" failed="0" ignored="0" total="1" passed="1">
  <reporter-output>
  </reporter-output>
  <suite name="masterSuite" duration-ms="45264" started-at="2023-03-20T15:44:24 IST" finished-at="2023-03-20T15:45:09 IST">
    <groups>
    </groups>
    <test name="masterTest" duration-ms="45264" started-at="2023-03-20T15:44:24 IST" finished-at="2023-03-20T15:45:09 IST">
      <class name="testcases.TC_001AccountRegistration">
        <test-method status="PASS" signature="setup(java.lang.String)[pri:0, instance:testcases.TC_001AccountRegistration@704a52ec]" name="setup" is-config="true" duration-ms="37771" started-at="2023-03-20T15:44:24 IST" finished-at="2023-03-20T15:45:02 IST">
          <params>
            <param index="0">
              <value>
                <![CDATA[edge]]>
              </value>
            </param>
          </params>
          <reporter-output>
          </reporter-output>
        </test-method> <!-- setup -->
        <test-method status="PASS" signature="test_acc_registration()[pri:1, instance:testcases.TC_001AccountRegistration@704a52ec]" name="test_acc_registration" duration-ms="1914" started-at="2023-03-20T15:45:02 IST" finished-at="2023-03-20T15:45:04 IST">
          <reporter-output>
          </reporter-output>
        </test-method> <!-- test_acc_registration -->
        <test-method status="PASS" signature="teardown()[pri:0, instance:testcases.TC_001AccountRegistration@704a52ec]" name="teardown" is-config="true" duration-ms="4487" started-at="2023-03-20T15:45:04 IST" finished-at="2023-03-20T15:45:09 IST">
          <reporter-output>
          </reporter-output>
        </test-method> <!-- teardown -->
      </class> <!-- testcases.TC_001AccountRegistration -->
    </test> <!-- masterTest -->
  </suite> <!-- masterSuite -->
</testng-results>
