<?xml version="1.0" encoding="UTF-8"?>
<testng-results ignored="0" total="5" passed="4" failed="1" skipped="0">
  <reporter-output>
  </reporter-output>
  <suite started-at="2023-03-19T19:29:23 IST" name="masterSuite" finished-at="2023-03-19T19:33:13 IST" duration-ms="229731">
    <groups>
    </groups>
    <test started-at="2023-03-19T19:29:23 IST" name="masterTest" finished-at="2023-03-19T19:33:13 IST" duration-ms="229731">
      <class name="testcases.TC_003ddtLogintest">
        <test-method is-config="true" signature="setup(java.lang.String)[pri:0, instance:testcases.TC_003ddtLogintest@4b8ee4de]" started-at="2023-03-19T19:29:24 IST" name="setup" finished-at="2023-03-19T19:29:55 IST" duration-ms="31357" status="PASS">
          <params>
            <param index="0">
              <value>
                <![CDATA[edge]]>
              </value>
            </param>
          </params>
          <reporter-output>
          </reporter-output>
        </test-method> <!-- setup -->
        <test-method signature="test_login(java.lang.String,java.lang.String,java.lang.String)[pri:0, instance:testcases.TC_003ddtLogintest@4b8ee4de]" started-at="2023-03-19T19:29:55 IST" name="test_login" data-provider="nop" finished-at="2023-03-19T19:30:25 IST" duration-ms="30238" status="PASS">
          <params>
            <param index="0">
              <value>
                <![CDATA[sanjayroyal20@gmail.com]]>
              </value>
            </param>
            <param index="1">
              <value>
                <![CDATA[virus@123]]>
              </value>
            </param>
            <param index="2">
              <value>
                <![CDATA[valid]]>
              </value>
            </param>
          </params>
          <reporter-output>
          </reporter-output>
        </test-method> <!-- test_login -->
        <test-method signature="test_login(java.lang.String,java.lang.String,java.lang.String)[pri:0, instance:testcases.TC_003ddtLogintest@4b8ee4de]" started-at="2023-03-19T19:30:26 IST" name="test_login" data-provider="nop" finished-at="2023-03-19T19:30:59 IST" duration-ms="32998" status="PASS">
          <params>
            <param index="0">
              <value>
                <![CDATA[abc@gmail.com]]>
              </value>
            </param>
            <param index="1">
              <value>
                <![CDATA[reeeach]]>
              </value>
            </param>
            <param index="2">
              <value>
                <![CDATA[invalid]]>
              </value>
            </param>
          </params>
          <reporter-output>
          </reporter-output>
        </test-method> <!-- test_login -->
        <test-method signature="test_login(java.lang.String,java.lang.String,java.lang.String)[pri:0, instance:testcases.TC_003ddtLogintest@4b8ee4de]" started-at="2023-03-19T19:30:59 IST" name="test_login" data-provider="nop" finished-at="2023-03-19T19:31:33 IST" duration-ms="34918" status="PASS">
          <params>
            <param index="0">
              <value>
                <![CDATA[xyx@gmail.com]]>
              </value>
            </param>
            <param index="1">
              <value>
                <![CDATA[redyug]]>
              </value>
            </param>
            <param index="2">
              <value>
                <![CDATA[invalid]]>
              </value>
            </param>
          </params>
          <reporter-output>
          </reporter-output>
        </test-method> <!-- test_login -->
        <test-method signature="test_login(java.lang.String,java.lang.String,java.lang.String)[pri:0, instance:testcases.TC_003ddtLogintest@4b8ee4de]" started-at="2023-03-19T19:31:33 IST" name="test_login" data-provider="nop" finished-at="2023-03-19T19:32:15 IST" duration-ms="41907" status="FAIL">
          <params>
            <param index="0">
              <value>
                <![CDATA[sdfv@gmail.com]]>
              </value>
            </param>
            <param index="1">
              <value>
                <![CDATA[deuis]]>
              </value>
            </param>
            <param index="2">
              <value>
                <![CDATA[invalid]]>
              </value>
            </param>
          </params>
          <exception class="junit.framework.AssertionFailedError">
            <full-stacktrace>
              <![CDATA[junit.framework.AssertionFailedError
at junit.framework.Assert.fail(Assert.java:47)
at junit.framework.Assert.fail(Assert.java:53)
at testcases.TC_003ddtLogintest.test_login(TC_003ddtLogintest.java:56)
at java.base/jdk.internal.reflect.DirectMethodHandleAccessor.invoke(DirectMethodHandleAccessor.java:104)
at java.base/java.lang.reflect.Method.invoke(Method.java:577)
at org.testng.internal.MethodInvocationHelper.invokeMethod(MethodInvocationHelper.java:133)
at org.testng.internal.TestInvoker.invokeMethod(TestInvoker.java:598)
at org.testng.internal.TestInvoker.invokeTestMethod(TestInvoker.java:173)
at org.testng.internal.MethodRunner.runInSequence(MethodRunner.java:46)
at org.testng.internal.TestInvoker$MethodInvocationAgent.invoke(TestInvoker.java:824)
at org.testng.internal.TestInvoker.invokeTestMethods(TestInvoker.java:146)
at org.testng.internal.TestMethodWorker.invokeTestMethods(TestMethodWorker.java:146)
at org.testng.internal.TestMethodWorker.run(TestMethodWorker.java:128)
at java.base/java.util.ArrayList.forEach(ArrayList.java:1511)
at org.testng.TestRunner.privateRun(TestRunner.java:794)
at org.testng.TestRunner.run(TestRunner.java:596)
at org.testng.SuiteRunner.runTest(SuiteRunner.java:377)
at org.testng.SuiteRunner.runSequentially(SuiteRunner.java:371)
at org.testng.SuiteRunner.privateRun(SuiteRunner.java:332)
at org.testng.SuiteRunner.run(SuiteRunner.java:276)
at org.testng.SuiteRunnerWorker.runSuite(SuiteRunnerWorker.java:53)
at org.testng.SuiteRunnerWorker.run(SuiteRunnerWorker.java:96)
at org.testng.TestNG.runSuitesSequentially(TestNG.java:1212)
at org.testng.TestNG.runSuitesLocally(TestNG.java:1134)
at org.testng.TestNG.runSuites(TestNG.java:1063)
at org.testng.TestNG.run(TestNG.java:1031)
at org.testng.remote.AbstractRemoteTestNG.run(AbstractRemoteTestNG.java:115)
at org.testng.remote.RemoteTestNG.initAndRun(RemoteTestNG.java:251)
at org.testng.remote.RemoteTestNG.main(RemoteTestNG.java:77)
]]>
            </full-stacktrace>
          </exception> <!-- junit.framework.AssertionFailedError -->
          <reporter-output>
          </reporter-output>
        </test-method> <!-- test_login -->
        <test-method signature="test_login(java.lang.String,java.lang.String,java.lang.String)[pri:0, instance:testcases.TC_003ddtLogintest@4b8ee4de]" started-at="2023-03-19T19:32:15 IST" name="test_login" data-provider="nop" finished-at="2023-03-19T19:33:06 IST" duration-ms="50663" status="PASS">
          <params>
            <param index="0">
              <value>
                <![CDATA[sdrtyh@gmail.com]]>
              </value>
            </param>
            <param index="1">
              <value>
                <![CDATA[4545]]>
              </value>
            </param>
            <param index="2">
              <value>
                <![CDATA[invalid]]>
              </value>
            </param>
          </params>
          <reporter-output>
          </reporter-output>
        </test-method> <!-- test_login -->
        <test-method is-config="true" signature="teardown()[pri:0, instance:testcases.TC_003ddtLogintest@4b8ee4de]" started-at="2023-03-19T19:33:06 IST" name="teardown" finished-at="2023-03-19T19:33:13 IST" duration-ms="6815" status="PASS">
          <reporter-output>
          </reporter-output>
        </test-method> <!-- teardown -->
      </class> <!-- testcases.TC_003ddtLogintest -->
    </test> <!-- masterTest -->
  </suite> <!-- masterSuite -->
</testng-results>
