<?xml version="1.0" encoding="UTF-8"?>
<!-- Generated by org.testng.reporters.JUnitXMLReporter -->
<testsuite ignored="0" hostname="LAPTOP-FS5UPGRD" failures="0" tests="5" name="masterTest" time="187.477" errors="0" timestamp="2023-03-20T19:52:59 IST">
  <testcase classname="testcases.TC_003ddtLogintest" name="test_login" time="10.389"/>
  <testcase classname="testcases.TC_003ddtLogintest" name="test_login" time="34.335"/>
  <testcase classname="testcases.TC_003ddtLogintest" name="test_login" time="37.066"/>
  <testcase classname="testcases.TC_003ddtLogintest" name="test_login" time="37.789"/>
  <testcase classname="testcases.TC_003ddtLogintest" name="test_login" time="34.38"/>
</testsuite> <!-- masterTest -->
