<?xml version="1.0" encoding="UTF-8"?>
<!-- Generated by org.testng.reporters.JUnitXMLReporter -->
<testsuite ignored="0" hostname="LAPTOP-FS5UPGRD" failures="1" tests="5" name="masterTest" time="229.731" errors="0" timestamp="2023-03-19T19:33:13 IST">
  <testcase classname="testcases.TC_003ddtLogintest" name="test_login" time="30.238"/>
  <testcase classname="testcases.TC_003ddtLogintest" name="test_login" time="32.998"/>
  <testcase classname="testcases.TC_003ddtLogintest" name="test_login" time="34.918"/>
  <testcase classname="testcases.TC_003ddtLogintest" name="test_login" time="41.907">
    <failure type="junit.framework.AssertionFailedError">
      <![CDATA[junit.framework.AssertionFailedError
at junit.framework.Assert.fail(Assert.java:47)
at junit.framework.Assert.fail(Assert.java:53)
at testcases.TC_003ddtLogintest.test_login(TC_003ddtLogintest.java:56)
at java.base/java.util.ArrayList.forEach(ArrayList.java:1511)
... Removed 25 stack frames]]>
    </failure>
  </testcase> <!-- test_login -->
  <testcase classname="testcases.TC_003ddtLogintest" name="test_login" time="50.663"/>
</testsuite> <!-- masterTest -->
